0 info it worked if it ends with ok
1 verbose cli [ '/usr/local/bin/node',
1 verbose cli   '/usr/local/bin/npm',
1 verbose cli   'run',
1 verbose cli   'deploy_wow' ]
2 info using npm@3.10.8
3 info using node@v6.9.1
4 verbose run-script [ 'predeploy_wow', 'deploy_wow', 'postdeploy_wow' ]
5 info lifecycle fedeploy@1.0.162~predeploy_wow: fedeploy@1.0.162
6 silly lifecycle fedeploy@1.0.162~predeploy_wow: no script for predeploy_wow, continuing
7 info lifecycle fedeploy@1.0.162~deploy_wow: fedeploy@1.0.162
8 verbose lifecycle fedeploy@1.0.162~deploy_wow: unsafe-perm in lifecycle true
9 verbose lifecycle fedeploy@1.0.162~deploy_wow: PATH: /usr/local/lib/node_modules/npm/bin/node-gyp-bin:/Users/emilio/Code/repo/ENELFEDeploy/node_modules/.bin:/usr/local/bin:/usr/local/bin:/usr/bin:/bin:/usr/sbin:/sbin:/usr/local/sublime/bin
10 verbose lifecycle fedeploy@1.0.162~deploy_wow: CWD: /Users/emilio/Code/repo/ENELFEDeploy
11 silly lifecycle fedeploy@1.0.162~deploy_wow: Args: [ '-c',
11 silly lifecycle   'git pull && node deploy.js wow && npm run deploy_common' ]
12 silly lifecycle fedeploy@1.0.162~deploy_wow: Returned: code: 128  signal: null
13 info lifecycle fedeploy@1.0.162~deploy_wow: Failed to exec deploy_wow script
14 verbose stack Error: fedeploy@1.0.162 deploy_wow: `git pull && node deploy.js wow && npm run deploy_common`
14 verbose stack Exit status 128
14 verbose stack     at EventEmitter.<anonymous> (/usr/local/lib/node_modules/npm/lib/utils/lifecycle.js:255:16)
14 verbose stack     at emitTwo (events.js:106:13)
14 verbose stack     at EventEmitter.emit (events.js:191:7)
14 verbose stack     at ChildProcess.<anonymous> (/usr/local/lib/node_modules/npm/lib/utils/spawn.js:40:14)
14 verbose stack     at emitTwo (events.js:106:13)
14 verbose stack     at ChildProcess.emit (events.js:191:7)
14 verbose stack     at maybeClose (internal/child_process.js:877:16)
14 verbose stack     at Process.ChildProcess._handle.onexit (internal/child_process.js:226:5)
15 verbose pkgid fedeploy@1.0.162
16 verbose cwd /Users/emilio/Code/repo/ENELFEDeploy
17 error Darwin 15.6.0
18 error argv "/usr/local/bin/node" "/usr/local/bin/npm" "run" "deploy_wow"
19 error node v6.9.1
20 error npm  v3.10.8
21 error code ELIFECYCLE
22 error fedeploy@1.0.162 deploy_wow: `git pull && node deploy.js wow && npm run deploy_common`
22 error Exit status 128
23 error Failed at the fedeploy@1.0.162 deploy_wow script 'git pull && node deploy.js wow && npm run deploy_common'.
23 error Make sure you have the latest version of node.js and npm installed.
23 error If you do, this is most likely a problem with the fedeploy package,
23 error not with npm itself.
23 error Tell the author that this fails on your system:
23 error     git pull && node deploy.js wow && npm run deploy_common
23 error You can get information on how to open an issue for this project with:
23 error     npm bugs fedeploy
23 error Or if that isn't available, you can get their info via:
23 error     npm owner ls fedeploy
23 error There is likely additional logging output above.
24 verbose exit [ 1, true ]
